# JRE version: OpenJDK Runtime Environment (8.0_131-b11) (build 1.8.0_131-8u131-b11-0ubuntu1.16.04.2-b11)
# Java VM: OpenJDK 64-Bit Server VM (25.131-b11 mixed mode linux-amd64 compressed oops)
Heap:
 PSYoungGen      total 695808K, used 319697K [0x000000076dd00000, 0x000000079e100000, 0x00000007c0000000)
  eden space 666112K, 47% used [0x000000076dd00000,0x00000007815344f0,0x0000000796780000)
  from space 29696K, 0% used [0x000000079c400000,0x000000079c400000,0x000000079e100000)
  to   space 48128K, 0% used [0x0000000798300000,0x0000000798300000,0x000000079b200000)
 ParOldGen       total 215552K, used 53031K [0x00000006c9600000, 0x00000006d6880000, 0x000000076dd00000)
  object space 215552K, 24% used [0x00000006c9600000,0x00000006cc9c9d10,0x00000006d6880000)
 Metaspace       used 85404K, capacity 94134K, committed 94464K, reserved 1130496K
  class space    used 10051K, capacity 12674K, committed 12800K, reserved 1048576K
GC Heap History (10 events):
Event: 7,491 GC heap before
{Heap before GC invocations=9 (full 1):
 PSYoungGen      total 535552K, used 24777K [0x000000076dd00000, 0x0000000791a00000, 0x00000007c0000000)
  eden space 488448K, 0% used [0x000000076dd00000,0x000000076dd00000,0x000000078ba00000)
  from space 47104K, 52% used [0x000000078ec00000,0x0000000790432400,0x0000000791a00000)
  to   space 49152K, 0% used [0x000000078ba00000,0x000000078ba00000,0x000000078ea00000)
 ParOldGen       total 169472K, used 88926K [0x00000006c9600000, 0x00000006d3b80000, 0x000000076dd00000)
  object space 169472K, 52% used [0x00000006c9600000,0x00000006cecd7870,0x00000006d3b80000)
 Metaspace       used 19575K, capacity 21180K, committed 21248K, reserved 1069056K
  class space    used 1874K, capacity 2302K, committed 2304K, reserved 1048576K
Event: 7,635 GC heap after
Heap after GC invocations=9 (full 1):
 PSYoungGen      total 535552K, used 0K [0x000000076dd00000, 0x0000000791a00000, 0x00000007c0000000)
  eden space 488448K, 0% used [0x000000076dd00000,0x000000076dd00000,0x000000078ba00000)
  from space 47104K, 0% used [0x000000078ec00000,0x000000078ec00000,0x0000000791a00000)
  to   space 49152K, 0% used [0x000000078ba00000,0x000000078ba00000,0x000000078ea00000)
 ParOldGen       total 127488K, used 21644K [0x00000006c9600000, 0x00000006d1280000, 0x000000076dd00000)
  object space 127488K, 16% used [0x00000006c9600000,0x00000006cab23190,0x00000006d1280000)
 Metaspace       used 19575K, capacity 21180K, committed 21248K, reserved 1069056K
  class space    used 1874K, capacity 2302K, committed 2304K, reserved 1048576K
}
Event: 9,634 GC heap before
{Heap before GC invocations=10 (full 1):
 PSYoungGen      total 535552K, used 89997K [0x000000076dd00000, 0x0000000791a00000, 0x00000007c0000000)
  eden space 488448K, 18% used [0x000000076dd00000,0x00000007734e35c8,0x000000078ba00000)
  from space 47104K, 0% used [0x000000078ec00000,0x000000078ec00000,0x0000000791a00000)
  to   space 49152K, 0% used [0x000000078ba00000,0x000000078ba00000,0x000000078ea00000)
 ParOldGen       total 127488K, used 21644K [0x00000006c9600000, 0x00000006d1280000, 0x000000076dd00000)
  object space 127488K, 16% used [0x00000006c9600000,0x00000006cab23190,0x00000006d1280000)
 Metaspace       used 32634K, capacity 35244K, committed 35416K, reserved 1081344K
  class space    used 3444K, capacity 4234K, committed 4352K, reserved 1048576K
Event: 9,653 GC heap after
Heap after GC invocations=10 (full 1):
 PSYoungGen      total 537600K, used 14991K [0x000000076dd00000, 0x000000079f480000, 0x00000007c0000000)
  eden space 488448K, 0% used [0x000000076dd00000,0x000000076dd00000,0x000000078ba00000)
  from space 49152K, 30% used [0x000000078ba00000,0x000000078c8a3f20,0x000000078ea00000)
  to   space 49664K, 0% used [0x000000079c400000,0x000000079c400000,0x000000079f480000)
 ParOldGen       total 127488K, used 21652K [0x00000006c9600000, 0x00000006d1280000, 0x000000076dd00000)
  object space 127488K, 16% used [0x00000006c9600000,0x00000006cab25190,0x00000006d1280000)
 Metaspace       used 32634K, capacity 35244K, committed 35416K, reserved 1081344K
  class space    used 3444K, capacity 4234K, committed 4352K, reserved 1048576K
}
Event: 9,653 GC heap before
{Heap before GC invocations=11 (full 2):
 PSYoungGen      total 537600K, used 14991K [0x000000076dd00000, 0x000000079f480000, 0x00000007c0000000)
  eden space 488448K, 0% used [0x000000076dd00000,0x000000076dd00000,0x000000078ba00000)
  from space 49152K, 30% used [0x000000078ba00000,0x000000078c8a3f20,0x000000078ea00000)
  to   space 49664K, 0% used [0x000000079c400000,0x000000079c400000,0x000000079f480000)
 ParOldGen       total 127488K, used 21652K [0x00000006c9600000, 0x00000006d1280000, 0x000000076dd00000)
  object space 127488K, 16% used [0x00000006c9600000,0x00000006cab25190,0x00000006d1280000)
 Metaspace       used 32634K, capacity 35244K, committed 35416K, reserved 1081344K
  class space    used 3444K, capacity 4234K, committed 4352K, reserved 1048576K
Event: 9,740 GC heap after
Heap after GC invocations=11 (full 2):
 PSYoungGen      total 537600K, used 0K [0x000000076dd00000, 0x000000079f480000, 0x00000007c0000000)
  eden space 488448K, 0% used [0x000000076dd00000,0x000000076dd00000,0x000000078ba00000)
  from space 49152K, 0% used [0x000000078ba00000,0x000000078ba00000,0x000000078ea00000)
  to   space 49664K, 0% used [0x000000079c400000,0x000000079c400000,0x000000079f480000)
 ParOldGen       total 166400K, used 34227K [0x00000006c9600000, 0x00000006d3880000, 0x000000076dd00000)
  object space 166400K, 20% used [0x00000006c9600000,0x00000006cb76ce78,0x00000006d3880000)
 Metaspace       used 32634K, capacity 35244K, committed 35416K, reserved 1081344K
  class space    used 3444K, capacity 4234K, committed 4352K, reserved 1048576K
}
Event: 13,866 GC heap before
{Heap before GC invocations=12 (full 2):
 PSYoungGen      total 537600K, used 138504K [0x000000076dd00000, 0x000000079f480000, 0x00000007c0000000)
  eden space 488448K, 28% used [0x000000076dd00000,0x0000000776442350,0x000000078ba00000)
  from space 49152K, 0% used [0x000000078ba00000,0x000000078ba00000,0x000000078ea00000)
  to   space 49664K, 0% used [0x000000079c400000,0x000000079c400000,0x000000079f480000)
 ParOldGen       total 166400K, used 34227K [0x00000006c9600000, 0x00000006d3880000, 0x000000076dd00000)
  object space 166400K, 20% used [0x00000006c9600000,0x00000006cb76ce78,0x00000006d3880000)
 Metaspace       used 52632K, capacity 58964K, committed 59028K, reserved 1099776K
  class space    used 6069K, capacity 8138K, committed 8192K, reserved 1048576K
Event: 13,890 GC heap after
Heap after GC invocations=12 (full 2):
 PSYoungGen      total 695808K, used 29222K [0x000000076dd00000, 0x000000079e100000, 0x00000007c0000000)
  eden space 666112K, 0% used [0x000000076dd00000,0x000000076dd00000,0x0000000796780000)
  from space 29696K, 98% used [0x000000079c400000,0x000000079e089ac0,0x000000079e100000)
  to   space 48128K, 0% used [0x0000000798300000,0x0000000798300000,0x000000079b200000)
 ParOldGen       total 166400K, used 34235K [0x00000006c9600000, 0x00000006d3880000, 0x000000076dd00000)
  object space 166400K, 20% used [0x00000006c9600000,0x00000006cb76ee78,0x00000006d3880000)
 Metaspace       used 52632K, capacity 58964K, committed 59028K, reserved 1099776K
  class space    used 6069K, capacity 8138K, committed 8192K, reserved 1048576K
}
Event: 13,890 GC heap before
{Heap before GC invocations=13 (full 3):
 PSYoungGen      total 695808K, used 29222K [0x000000076dd00000, 0x000000079e100000, 0x00000007c0000000)
  eden space 666112K, 0% used [0x000000076dd00000,0x000000076dd00000,0x0000000796780000)
  from space 29696K, 98% used [0x000000079c400000,0x000000079e089ac0,0x000000079e100000)
  to   space 48128K, 0% used [0x0000000798300000,0x0000000798300000,0x000000079b200000)
 ParOldGen       total 166400K, used 34235K [0x00000006c9600000, 0x00000006d3880000, 0x000000076dd00000)
  object space 166400K, 20% used [0x00000006c9600000,0x00000006cb76ee78,0x00000006d3880000)
 Metaspace       used 52632K, capacity 58964K, committed 59028K, reserved 1099776K
  class space    used 6069K, capacity 8138K, committed 8192K, reserved 1048576K
Event: 14,209 GC heap after
Heap after GC invocations=13 (full 3):
 PSYoungGen      total 695808K, used 0K [0x000000076dd00000, 0x000000079e100000, 0x00000007c0000000)
  eden space 666112K, 0% used [0x000000076dd00000,0x000000076dd00000,0x0000000796780000)
  from space 29696K, 0% used [0x000000079c400000,0x000000079c400000,0x000000079e100000)
  to   space 48128K, 0% used [0x0000000798300000,0x0000000798300000,0x000000079b200000)
 ParOldGen       total 215552K, used 53031K [0x00000006c9600000, 0x00000006d6880000, 0x000000076dd00000)
  object space 215552K, 24% used [0x00000006c9600000,0x00000006cc9c9d10,0x00000006d6880000)
 Metaspace       used 52632K, capacity 58964K, committed 59028K, reserved 1099776K
  class space    used 6069K, capacity 8138K, committed 8192K, reserved 1048576K
}

